<?xml version="1.0" encoding="UTF-8"?>
<coverage generated="1769922662899" clover="3.2.0">
  <project timestamp="1769922662899" name="All files">
    <metrics statements="42" coveredstatements="37" conditionals="57" coveredconditionals="50" methods="11" coveredmethods="10" elements="110" coveredelements="97" complexity="0" loc="42" ncloc="42" packages="5" files="7" classes="7"/>
    <package name="app">
      <metrics statements="4" coveredstatements="4" conditionals="12" coveredconditionals="11" methods="1" coveredmethods="1"/>
      <file name="app.html" path="/home/runner/work/report-coverage-demo/report-coverage-demo/src/app/app.html">
        <metrics statements="2" coveredstatements="2" conditionals="0" coveredconditionals="0" methods="0" coveredmethods="0"/>
        <line num="1" count="2" type="stmt"/>
        <line num="2" count="2" type="stmt"/>
      </file>
      <file name="app.ts" path="/home/runner/work/report-coverage-demo/report-coverage-demo/src/app/app.ts">
        <metrics statements="2" coveredstatements="2" conditionals="12" coveredconditionals="11" methods="1" coveredmethods="1"/>
        <line num="11" count="6" type="cond" truecount="10" falsecount="0"/>
        <line num="12" count="1" type="cond" truecount="1" falsecount="1"/>
      </file>
    </package>
    <package name="app.components.login-form">
      <metrics statements="25" coveredstatements="23" conditionals="26" coveredconditionals="23" methods="5" coveredmethods="5"/>
      <file name="login-form.html" path="/home/runner/work/report-coverage-demo/report-coverage-demo/src/app/components/login-form/login-form.html">
        <metrics statements="10" coveredstatements="10" conditionals="6" coveredconditionals="4" methods="3" coveredmethods="3"/>
        <line num="1" count="6" type="stmt"/>
        <line num="2" count="6" type="stmt"/>
        <line num="3" count="6" type="stmt"/>
        <line num="4" count="320" type="cond" truecount="1" falsecount="1"/>
        <line num="7" count="6" type="stmt"/>
        <line num="8" count="6" type="stmt"/>
        <line num="9" count="320" type="cond" truecount="1" falsecount="1"/>
        <line num="12" count="320" type="cond" truecount="2" falsecount="0"/>
        <line num="13" count="3" type="stmt"/>
        <line num="16" count="6" type="stmt"/>
      </file>
      <file name="login-form.ts" path="/home/runner/work/report-coverage-demo/report-coverage-demo/src/app/components/login-form/login-form.ts">
        <metrics statements="15" coveredstatements="13" conditionals="20" coveredconditionals="19" methods="2" coveredmethods="2"/>
        <line num="12" count="326" type="cond" truecount="10" falsecount="0"/>
        <line num="14" count="8" type="cond" truecount="2" falsecount="0"/>
        <line num="15" count="8" type="cond" truecount="2" falsecount="0"/>
        <line num="16" count="8" type="cond" truecount="2" falsecount="0"/>
        <line num="20" count="8" type="stmt"/>
        <line num="23" count="2" type="stmt"/>
        <line num="24" count="2" type="stmt"/>
        <line num="27" count="2" type="cond" truecount="2" falsecount="0"/>
        <line num="28" count="1" type="stmt"/>
        <line num="29" count="1" type="stmt"/>
        <line num="31" count="1" type="cond" truecount="1" falsecount="1"/>
        <line num="32" count="0" type="stmt"/>
        <line num="33" count="0" type="stmt"/>
        <line num="37" count="1" type="stmt"/>
        <line num="40" count="1" type="stmt"/>
      </file>
    </package>
    <package name="app.services.basic">
      <metrics statements="1" coveredstatements="1" conditionals="5" coveredconditionals="5" methods="0" coveredmethods="0"/>
      <file name="basic-service.ts" path="/home/runner/work/report-coverage-demo/report-coverage-demo/src/app/services/basic/basic-service.ts">
        <metrics statements="1" coveredstatements="1" conditionals="5" coveredconditionals="5" methods="0" coveredmethods="0"/>
        <line num="6" count="1" type="cond" truecount="5" falsecount="0"/>
      </file>
    </package>
    <package name="app.services.geometry">
      <metrics statements="6" coveredstatements="3" conditionals="9" coveredconditionals="6" methods="3" coveredmethods="2"/>
      <file name="geometry-service.ts" path="/home/runner/work/report-coverage-demo/report-coverage-demo/src/app/services/geometry/geometry-service.ts">
        <metrics statements="6" coveredstatements="3" conditionals="9" coveredconditionals="6" methods="3" coveredmethods="2"/>
        <line num="6" count="2" type="cond" truecount="5" falsecount="0"/>
        <line num="14" count="1" type="cond" truecount="1" falsecount="1"/>
        <line num="16" count="1" type="stmt"/>
        <line num="20" count="0" type="cond" truecount="0" falsecount="2"/>
        <line num="22" count="0" type="stmt"/>
        <line num="23" count="0" type="stmt"/>
      </file>
    </package>
    <package name="app.services.weather-service">
      <metrics statements="6" coveredstatements="6" conditionals="5" coveredconditionals="5" methods="2" coveredmethods="2"/>
      <file name="weather-service.ts" path="/home/runner/work/report-coverage-demo/report-coverage-demo/src/app/services/weather-service/weather-service.ts">
        <metrics statements="6" coveredstatements="6" conditionals="5" coveredconditionals="5" methods="2" coveredmethods="2"/>
        <line num="21" count="1" type="cond" truecount="5" falsecount="0"/>
        <line num="22" count="1" type="stmt"/>
        <line num="23" count="1" type="stmt"/>
        <line num="24" count="1" type="stmt"/>
        <line num="27" count="1" type="stmt"/>
        <line num="28" count="1" type="stmt"/>
      </file>
    </package>
  </project>
</coverage>
