{"/home/runner/work/report-coverage-demo/report-coverage-demo/src/app/app.html": {"path":"/home/runner/work/report-coverage-demo/report-coverage-demo/src/app/app.html","statementMap":{"0":{"start":{"line":1,"column":0},"end":{"line":1,"column":4}},"1":{"start":{"line":1,"column":4},"end":{"line":1,"column":30}},"2":{"start":{"line":1,"column":30},"end":{"line":1,"column":null}},"3":{"start":{"line":2,"column":0},"end":{"line":2,"column":null}}},"fnMap":{},"branchMap":{},"s":{"0":2,"1":2,"2":2,"3":2},"f":{},"b":{},"meta":{"lastBranch":0,"lastFunction":0,"lastStatement":4,"seen":{"s:1:0:1:4":0,"s:1:4:1:30":1,"s:1:30:1:Infinity":2,"s:2:0:2:Infinity":3}}}
,"/home/runner/work/report-coverage-demo/report-coverage-demo/src/app/app.ts": {"path":"/home/runner/work/report-coverage-demo/report-coverage-demo/src/app/app.ts","statementMap":{"0":{"start":{"line":11,"column":6},"end":{"line":7,"column":31}},"1":{"start":{"line":12,"column":21},"end":{"line":12,"column":null}},"2":{"start":{"line":11,"column":13},"end":{"line":7,"column":31}},"3":{"start":{"line":11,"column":13},"end":{"line":11,"column":null}},"4":{"start":{"line":11,"column":16},"end":{"line":2,"column":null}},"5":{"start":{"line":11,"column":13},"end":{"line":7,"column":null}}},"fnMap":{"0":{"name":"(anonymous_0)","decl":{"start":{"line":11,"column":16},"end":{"line":11,"column":null}},"loc":{"start":{"line":11,"column":16},"end":{"line":7,"column":30}},"line":11}},"branchMap":{"0":{"loc":{"start":{"line":12,"column":49},"end":{"line":12,"column":null}},"type":"cond-expr","locations":[{"start":{"line":12,"column":49},"end":{"line":12,"column":null}},{"start":{"line":12,"column":49},"end":{"line":12,"column":null}}],"line":12},"1":{"loc":{"start":{"line":11,"column":13},"end":{"line":11,"column":16}},"type":"binary-expr","locations":[{"start":{"line":11,"column":13},"end":{"line":11,"column":16}},{"start":{"line":11,"column":13},"end":{"line":11,"column":16}}],"line":11},"2":{"loc":{"start":{"line":11,"column":16},"end":{"line":2,"column":null}},"type":"if","locations":[{"start":{"line":11,"column":16},"end":{"line":2,"column":null}},{"start":{},"end":{}}],"line":11},"3":{"loc":{"start":{"line":11,"column":13},"end":{"line":7,"column":null}},"type":"binary-expr","locations":[{"start":{"line":11,"column":13},"end":{"line":11,"column":16}},{"start":{"line":11,"column":13},"end":{"line":11,"column":16}},{"start":{"line":11,"column":13},"end":{"line":7,"column":null}}],"line":11},"4":{"loc":{"start":{"line":11,"column":13},"end":{"line":11,"column":null}},"type":"binary-expr","locations":[{"start":{"line":11,"column":13},"end":{"line":11,"column":16}},{"start":{"line":11,"column":13},"end":{"line":11,"column":16}},{"start":{"line":11,"column":13},"end":{"line":11,"column":null}}],"line":11}},"s":{"0":1,"1":1,"2":1,"3":1,"4":6,"5":1},"f":{"0":1},"b":{"0":[1,0],"1":[2,2],"2":[2,4],"3":[1,1,1],"4":[1,1,1]},"meta":{"lastBranch":5,"lastFunction":1,"lastStatement":6,"seen":{"s:11:6:7:31":0,"s:12:21:12:Infinity":1,"s:11:13:7:31":2,"b:12:49:12:Infinity:12:49:12:Infinity":0,"s:11:13:11:Infinity":3,"b:11:13:11:16:11:13:11:16":1,"f:11:16:11:Infinity":0,"b:11:16:2:Infinity:undefined:undefined:undefined:undefined":2,"s:11:16:2:Infinity":4,"s:11:13:7:Infinity":5,"b:11:13:11:16:11:13:11:16:11:13:7:Infinity":3,"b:11:13:11:16:11:13:11:16:11:13:11:Infinity":4}}}
,"/home/runner/work/report-coverage-demo/report-coverage-demo/src/app/components/login-form/login-form.html": {"path":"/home/runner/work/report-coverage-demo/report-coverage-demo/src/app/components/login-form/login-form.html","statementMap":{"0":{"start":{"line":13,"column":4},"end":{"line":13,"column":29}},"1":{"start":{"line":13,"column":29},"end":{"line":13,"column":42}},"2":{"start":{"line":13,"column":42},"end":{"line":13,"column":null}},"3":{"start":{"line":1,"column":0},"end":{"line":1,"column":6}},"4":{"start":{"line":1,"column":6},"end":{"line":1,"column":null}},"5":{"start":{"line":1,"column":6},"end":{"line":1,"column":18}},"6":{"start":{"line":2,"column":4},"end":{"line":2,"column":null}},"7":{"start":{"line":3,"column":30},"end":{"line":3,"column":39}},"8":{"start":{"line":3,"column":39},"end":{"line":3,"column":null}},"9":{"start":{"line":4,"column":8},"end":{"line":4,"column":29}},"10":{"start":{"line":4,"column":29},"end":{"line":4,"column":82}},"11":{"start":{"line":4,"column":8},"end":{"line":4,"column":null}},"12":{"start":{"line":7,"column":4},"end":{"line":7,"column":null}},"13":{"start":{"line":8,"column":30},"end":{"line":8,"column":39}},"14":{"start":{"line":8,"column":39},"end":{"line":8,"column":null}},"15":{"start":{"line":9,"column":8},"end":{"line":9,"column":29}},"16":{"start":{"line":9,"column":29},"end":{"line":9,"column":86}},"17":{"start":{"line":9,"column":8},"end":{"line":9,"column":null}},"18":{"start":{"line":12,"column":4},"end":{"line":12,"column":null}},"19":{"start":{"line":16,"column":4},"end":{"line":16,"column":26}},"20":{"start":{"line":16,"column":26},"end":{"line":16,"column":32}},"21":{"start":{"line":16,"column":32},"end":{"line":16,"column":null}}},"fnMap":{"0":{"name":"LoginFormComponent_Template_form_ngSubmit_0_listener","decl":{"start":{"line":1,"column":6},"end":{"line":1,"column":18}},"loc":{"start":{"line":1,"column":6},"end":{"line":1,"column":null}},"line":1},"1":{"name":"LoginFormComponent_Template_input_ngModelChange_5_listener","decl":{"start":{"line":4,"column":29},"end":{"line":4,"column":82}},"loc":{"start":{"line":4,"column":29},"end":{"line":4,"column":82}},"line":4},"2":{"name":"LoginFormComponent_Template_input_ngModelChange_9_listener","decl":{"start":{"line":9,"column":29},"end":{"line":9,"column":86}},"loc":{"start":{"line":9,"column":29},"end":{"line":9,"column":86}},"line":9}},"branchMap":{"0":{"loc":{"start":{"line":4,"column":29},"end":{"line":4,"column":82}},"type":"binary-expr","locations":[{"start":{"line":4,"column":29},"end":{"line":4,"column":82}},{"start":{"line":4,"column":29},"end":{"line":4,"column":82}}],"line":4},"1":{"loc":{"start":{"line":9,"column":29},"end":{"line":9,"column":86}},"type":"binary-expr","locations":[{"start":{"line":9,"column":29},"end":{"line":9,"column":86}},{"start":{"line":9,"column":29},"end":{"line":9,"column":86}}],"line":9},"2":{"loc":{"start":{"line":12,"column":4},"end":{"line":12,"column":null}},"type":"cond-expr","locations":[{"start":{"line":12,"column":4},"end":{"line":12,"column":null}},{"start":{"line":12,"column":4},"end":{"line":12,"column":null}}],"line":12}},"s":{"0":1,"1":3,"2":1,"3":6,"4":2,"5":2,"6":6,"7":6,"8":6,"9":6,"10":320,"11":6,"12":6,"13":6,"14":6,"15":6,"16":320,"17":6,"18":320,"19":6,"20":6,"21":6},"f":{"0":2,"1":14,"2":19},"b":{"0":[14,0],"1":[19,0],"2":[3,317]},"meta":{"lastBranch":3,"lastFunction":3,"lastStatement":22,"seen":{"s:13:4:13:29":0,"s:13:29:13:42":1,"s:13:42:13:Infinity":2,"s:1:0:1:6":3,"s:1:6:1:Infinity":4,"f:1:6:1:18":0,"s:1:6:1:18":5,"s:2:4:2:Infinity":6,"s:3:30:3:39":7,"s:3:39:3:Infinity":8,"s:4:8:4:29":9,"s:4:29:4:82":10,"f:4:29:4:82":1,"b:4:29:4:82:4:29:4:82":0,"s:4:8:4:Infinity":11,"s:7:4:7:Infinity":12,"s:8:30:8:39":13,"s:8:39:8:Infinity":14,"s:9:8:9:29":15,"s:9:29:9:86":16,"f:9:29:9:86":2,"b:9:29:9:86:9:29:9:86":1,"s:9:8:9:Infinity":17,"s:12:4:12:Infinity":18,"s:16:4:16:26":19,"s:16:26:16:32":20,"s:16:32:16:Infinity":21,"b:12:4:12:Infinity:12:4:12:Infinity":2}}}
,"/home/runner/work/report-coverage-demo/report-coverage-demo/src/app/components/login-form/login-form.ts": {"path":"/home/runner/work/report-coverage-demo/report-coverage-demo/src/app/components/login-form/login-form.ts","statementMap":{"0":{"start":{"line":12,"column":6},"end":{"line":8,"column":38}},"1":{"start":{"line":14,"column":2},"end":{"line":14,"column":null}},"2":{"start":{"line":15,"column":2},"end":{"line":15,"column":null}},"3":{"start":{"line":16,"column":2},"end":{"line":16,"column":null}},"4":{"start":{"line":20,"column":16},"end":{"line":20,"column":null}},"5":{"start":{"line":12,"column":13},"end":{"line":8,"column":38}},"6":{"start":{"line":23,"column":17},"end":{"line":23,"column":null}},"7":{"start":{"line":24,"column":17},"end":{"line":24,"column":null}},"8":{"start":{"line":27,"column":4},"end":{"line":30,"column":null}},"9":{"start":{"line":28,"column":6},"end":{"line":28,"column":null}},"10":{"start":{"line":29,"column":6},"end":{"line":29,"column":null}},"11":{"start":{"line":31,"column":4},"end":{"line":34,"column":null}},"12":{"start":{"line":32,"column":6},"end":{"line":32,"column":null}},"13":{"start":{"line":33,"column":6},"end":{"line":33,"column":null}},"14":{"start":{"line":37,"column":4},"end":{"line":37,"column":null}},"15":{"start":{"line":40,"column":4},"end":{"line":43,"column":null}},"16":{"start":{"line":12,"column":13},"end":{"line":12,"column":null}},"17":{"start":{"line":12,"column":31},"end":{"line":16,"column":null}},"18":{"start":{"line":12,"column":13},"end":{"line":19,"column":null}}},"fnMap":{"0":{"name":"(anonymous_0)","decl":{"start":{"line":22,"column":2},"end":{"line":22,"column":14}},"loc":{"start":{"line":22,"column":14},"end":{"line":44,"column":null}},"line":22},"1":{"name":"(anonymous_1)","decl":{"start":{"line":12,"column":31},"end":{"line":12,"column":null}},"loc":{"start":{"line":12,"column":31},"end":{"line":8,"column":26}},"line":12}},"branchMap":{"0":{"loc":{"start":{"line":14,"column":22},"end":{"line":14,"column":null}},"type":"cond-expr","locations":[{"start":{"line":14,"column":22},"end":{"line":14,"column":null}},{"start":{"line":14,"column":22},"end":{"line":14,"column":null}}],"line":14},"1":{"loc":{"start":{"line":15,"column":22},"end":{"line":15,"column":null}},"type":"cond-expr","locations":[{"start":{"line":15,"column":22},"end":{"line":15,"column":null}},{"start":{"line":15,"column":22},"end":{"line":15,"column":null}}],"line":15},"2":{"loc":{"start":{"line":16,"column":19},"end":{"line":16,"column":null}},"type":"cond-expr","locations":[{"start":{"line":16,"column":19},"end":{"line":16,"column":null}},{"start":{"line":16,"column":19},"end":{"line":16,"column":null}}],"line":16},"3":{"loc":{"start":{"line":27,"column":4},"end":{"line":30,"column":null}},"type":"if","locations":[{"start":{"line":27,"column":4},"end":{"line":30,"column":null}},{"start":{},"end":{}}],"line":27},"4":{"loc":{"start":{"line":31,"column":4},"end":{"line":34,"column":null}},"type":"if","locations":[{"start":{"line":31,"column":4},"end":{"line":34,"column":null}},{"start":{},"end":{}}],"line":31},"5":{"loc":{"start":{"line":12,"column":13},"end":{"line":12,"column":31}},"type":"binary-expr","locations":[{"start":{"line":12,"column":13},"end":{"line":12,"column":31}},{"start":{"line":12,"column":13},"end":{"line":12,"column":31}}],"line":12},"6":{"loc":{"start":{"line":12,"column":31},"end":{"line":16,"column":null}},"type":"if","locations":[{"start":{"line":12,"column":31},"end":{"line":16,"column":null}},{"start":{},"end":{}}],"line":12},"7":{"loc":{"start":{"line":12,"column":13},"end":{"line":19,"column":null}},"type":"binary-expr","locations":[{"start":{"line":12,"column":13},"end":{"line":12,"column":31}},{"start":{"line":12,"column":13},"end":{"line":12,"column":31}},{"start":{"line":12,"column":13},"end":{"line":19,"column":null}}],"line":12},"8":{"loc":{"start":{"line":12,"column":13},"end":{"line":12,"column":null}},"type":"binary-expr","locations":[{"start":{"line":12,"column":13},"end":{"line":12,"column":31}},{"start":{"line":12,"column":13},"end":{"line":12,"column":31}},{"start":{"line":12,"column":13},"end":{"line":12,"column":null}}],"line":12}},"s":{"0":2,"1":8,"2":8,"3":8,"4":8,"5":8,"6":2,"7":2,"8":2,"9":1,"10":1,"11":1,"12":0,"13":0,"14":1,"15":1,"16":2,"17":326,"18":2},"f":{"0":2,"1":8},"b":{"0":[8,2],"1":[8,2],"2":[8,2],"3":[1,1],"4":[0,1],"5":[6,6],"6":[6,320],"7":[2,2,2],"8":[2,2,2]},"meta":{"lastBranch":9,"lastFunction":2,"lastStatement":19,"seen":{"s:12:6:8:38":0,"s:14:2:14:Infinity":1,"s:15:2:15:Infinity":2,"s:16:2:16:Infinity":3,"s:20:16:20:Infinity":4,"s:12:13:8:38":5,"b:14:22:14:Infinity:14:22:14:Infinity":0,"b:15:22:15:Infinity:15:22:15:Infinity":1,"b:16:19:16:Infinity:16:19:16:Infinity":2,"f:22:2:22:14":0,"s:23:17:23:Infinity":6,"s:24:17:24:Infinity":7,"b:27:4:30:Infinity:undefined:undefined:undefined:undefined":3,"s:27:4:30:Infinity":8,"s:28:6:28:Infinity":9,"s:29:6:29:Infinity":10,"b:31:4:34:Infinity:undefined:undefined:undefined:undefined":4,"s:31:4:34:Infinity":11,"s:32:6:32:Infinity":12,"s:33:6:33:Infinity":13,"s:37:4:37:Infinity":14,"s:40:4:43:Infinity":15,"s:12:13:12:Infinity":16,"b:12:13:12:31:12:13:12:31":5,"f:12:31:12:Infinity":1,"b:12:31:16:Infinity:undefined:undefined:undefined:undefined":6,"s:12:31:16:Infinity":17,"s:12:13:19:Infinity":18,"b:12:13:12:31:12:13:12:31:12:13:19:Infinity":7,"b:12:13:12:31:12:13:12:31:12:13:12:Infinity":8}}}
,"/home/runner/work/report-coverage-demo/report-coverage-demo/src/app/services/basic/basic-service.ts": {"path":"/home/runner/work/report-coverage-demo/report-coverage-demo/src/app/services/basic/basic-service.ts","statementMap":{"0":{"start":{"line":6,"column":6},"end":{"line":4,"column":null}},"1":{"start":{"line":6,"column":13},"end":{"line":4,"column":null}},"2":{"start":{"line":6,"column":13},"end":{"line":6,"column":null}},"3":{"start":{"line":6,"column":13},"end":{"line":5,"column":null}}},"fnMap":{},"branchMap":{"0":{"loc":{"start":{"line":6,"column":13},"end":{"line":6,"column":25}},"type":"binary-expr","locations":[{"start":{"line":6,"column":13},"end":{"line":6,"column":25}},{"start":{"line":6,"column":13},"end":{"line":6,"column":25}}],"line":6},"1":{"loc":{"start":{"line":6,"column":13},"end":{"line":5,"column":null}},"type":"binary-expr","locations":[{"start":{"line":6,"column":13},"end":{"line":6,"column":25}},{"start":{"line":6,"column":13},"end":{"line":6,"column":25}},{"start":{"line":6,"column":13},"end":{"line":5,"column":null}}],"line":6}},"s":{"0":1,"1":1,"2":1,"3":1},"f":{},"b":{"0":[1,1],"1":[1,1,1]},"meta":{"lastBranch":2,"lastFunction":0,"lastStatement":4,"seen":{"s:6:6:4:Infinity":0,"s:6:13:4:Infinity":1,"s:6:13:6:Infinity":2,"b:6:13:6:25:6:13:6:25":0,"s:6:13:5:Infinity":3,"b:6:13:6:25:6:13:6:25:6:13:5:Infinity":1}}}
,"/home/runner/work/report-coverage-demo/report-coverage-demo/src/app/services/geometry/geometry-service.ts": {"path":"/home/runner/work/report-coverage-demo/report-coverage-demo/src/app/services/geometry/geometry-service.ts","statementMap":{"0":{"start":{"line":6,"column":6},"end":{"line":4,"column":null}},"1":{"start":{"line":6,"column":13},"end":{"line":4,"column":null}},"2":{"start":{"line":14,"column":4},"end":{"line":14,"column":null}},"3":{"start":{"line":14,"column":21},"end":{"line":14,"column":null}},"4":{"start":{"line":16,"column":4},"end":{"line":16,"column":null}},"5":{"start":{"line":20,"column":4},"end":{"line":20,"column":null}},"6":{"start":{"line":20,"column":18},"end":{"line":20,"column":null}},"7":{"start":{"line":22,"column":29},"end":{"line":22,"column":null}},"8":{"start":{"line":23,"column":4},"end":{"line":23,"column":null}},"9":{"start":{"line":6,"column":13},"end":{"line":6,"column":null}},"10":{"start":{"line":6,"column":13},"end":{"line":5,"column":null}}},"fnMap":{"0":{"name":"(anonymous_0)","decl":{"start":{"line":9,"column":2},"end":{"line":9,"column":null}},"loc":{"start":{"line":9,"column":2},"end":{"line":11,"column":null}},"line":9},"1":{"name":"(anonymous_1)","decl":{"start":{"line":13,"column":2},"end":{"line":13,"column":22}},"loc":{"start":{"line":13,"column":36},"end":{"line":17,"column":null}},"line":13},"2":{"name":"(anonymous_2)","decl":{"start":{"line":19,"column":2},"end":{"line":19,"column":15}},"loc":{"start":{"line":19,"column":27},"end":{"line":24,"column":null}},"line":19}},"branchMap":{"0":{"loc":{"start":{"line":14,"column":4},"end":{"line":14,"column":null}},"type":"if","locations":[{"start":{"line":14,"column":4},"end":{"line":14,"column":null}},{"start":{},"end":{}}],"line":14},"1":{"loc":{"start":{"line":20,"column":4},"end":{"line":20,"column":null}},"type":"if","locations":[{"start":{"line":20,"column":4},"end":{"line":20,"column":null}},{"start":{},"end":{}}],"line":20},"2":{"loc":{"start":{"line":6,"column":13},"end":{"line":6,"column":28}},"type":"binary-expr","locations":[{"start":{"line":6,"column":13},"end":{"line":6,"column":28}},{"start":{"line":6,"column":13},"end":{"line":6,"column":28}}],"line":6},"3":{"loc":{"start":{"line":6,"column":13},"end":{"line":5,"column":null}},"type":"binary-expr","locations":[{"start":{"line":6,"column":13},"end":{"line":6,"column":28}},{"start":{"line":6,"column":13},"end":{"line":6,"column":28}},{"start":{"line":6,"column":13},"end":{"line":5,"column":null}}],"line":6}},"s":{"0":1,"1":1,"2":1,"3":0,"4":1,"5":0,"6":0,"7":0,"8":0,"9":2,"10":1},"f":{"0":2,"1":1,"2":0},"b":{"0":[0,1],"1":[0,0],"2":[2,2],"3":[1,1,1]},"meta":{"lastBranch":4,"lastFunction":3,"lastStatement":11,"seen":{"s:6:6:4:Infinity":0,"s:6:13:4:Infinity":1,"f:9:2:9:Infinity":0,"f:13:2:13:22":1,"b:14:4:14:Infinity:undefined:undefined:undefined:undefined":0,"s:14:4:14:Infinity":2,"s:14:21:14:Infinity":3,"s:16:4:16:Infinity":4,"f:19:2:19:15":2,"b:20:4:20:Infinity:undefined:undefined:undefined:undefined":1,"s:20:4:20:Infinity":5,"s:20:18:20:Infinity":6,"s:22:29:22:Infinity":7,"s:23:4:23:Infinity":8,"s:6:13:6:Infinity":9,"b:6:13:6:28:6:13:6:28":2,"s:6:13:5:Infinity":10,"b:6:13:6:28:6:13:6:28:6:13:5:Infinity":3}}}
,"/home/runner/work/report-coverage-demo/report-coverage-demo/src/app/services/weather-service/weather-service.ts": {"path":"/home/runner/work/report-coverage-demo/report-coverage-demo/src/app/services/weather-service/weather-service.ts","statementMap":{"0":{"start":{"line":21,"column":6},"end":{"line":20,"column":34}},"1":{"start":{"line":22,"column":10},"end":{"line":22,"column":null}},"2":{"start":{"line":23,"column":19},"end":{"line":23,"column":null}},"3":{"start":{"line":24,"column":20},"end":{"line":24,"column":null}},"4":{"start":{"line":21,"column":13},"end":{"line":20,"column":34}},"5":{"start":{"line":27,"column":4},"end":{"line":31,"column":null}},"6":{"start":{"line":28,"column":18},"end":{"line":31,"column":9}},"7":{"start":{"line":21,"column":13},"end":{"line":21,"column":null}},"8":{"start":{"line":21,"column":13},"end":{"line":20,"column":null}}},"fnMap":{"0":{"name":"(anonymous_0)","decl":{"start":{"line":26,"column":2},"end":{"line":26,"column":13}},"loc":{"start":{"line":26,"column":25},"end":{"line":34,"column":null}},"line":26},"1":{"name":"(anonymous_1)","decl":{"start":{"line":28,"column":10},"end":{"line":28,"column":18}},"loc":{"start":{"line":28,"column":18},"end":{"line":31,"column":9}},"line":28}},"branchMap":{"0":{"loc":{"start":{"line":21,"column":13},"end":{"line":21,"column":27}},"type":"binary-expr","locations":[{"start":{"line":21,"column":13},"end":{"line":21,"column":27}},{"start":{"line":21,"column":13},"end":{"line":21,"column":27}}],"line":21},"1":{"loc":{"start":{"line":21,"column":13},"end":{"line":20,"column":null}},"type":"binary-expr","locations":[{"start":{"line":21,"column":13},"end":{"line":21,"column":27}},{"start":{"line":21,"column":13},"end":{"line":21,"column":27}},{"start":{"line":21,"column":13},"end":{"line":20,"column":null}}],"line":21}},"s":{"0":1,"1":1,"2":1,"3":1,"4":1,"5":1,"6":1,"7":1,"8":1},"f":{"0":1,"1":1},"b":{"0":[1,1],"1":[1,1,1]},"meta":{"lastBranch":2,"lastFunction":2,"lastStatement":9,"seen":{"s:21:6:20:34":0,"s:22:10:22:Infinity":1,"s:23:19:23:Infinity":2,"s:24:20:24:Infinity":3,"s:21:13:20:34":4,"f:26:2:26:13":0,"s:27:4:31:Infinity":5,"f:28:10:28:18":1,"s:28:18:31:9":6,"s:21:13:21:Infinity":7,"b:21:13:21:27:21:13:21:27":0,"s:21:13:20:Infinity":8,"b:21:13:21:27:21:13:21:27:21:13:20:Infinity":1}}}
}
