{"total": {"lines":{"total":42,"covered":37,"skipped":0,"pct":88.09},"statements":{"total":75,"covered":68,"skipped":0,"pct":90.66},"functions":{"total":11,"covered":10,"skipped":0,"pct":90.9},"branches":{"total":57,"covered":50,"skipped":0,"pct":87.71},"branchesTrue":{"total":0,"covered":0,"skipped":0,"pct":100}}
,"/home/runner/work/report-coverage-demo/report-coverage-demo/src/app/app.html": {"lines":{"total":2,"covered":2,"skipped":0,"pct":100},"functions":{"total":0,"covered":0,"skipped":0,"pct":100},"statements":{"total":4,"covered":4,"skipped":0,"pct":100},"branches":{"total":0,"covered":0,"skipped":0,"pct":100}}
,"/home/runner/work/report-coverage-demo/report-coverage-demo/src/app/app.ts": {"lines":{"total":2,"covered":2,"skipped":0,"pct":100},"functions":{"total":1,"covered":1,"skipped":0,"pct":100},"statements":{"total":6,"covered":6,"skipped":0,"pct":100},"branches":{"total":12,"covered":11,"skipped":0,"pct":91.66}}
,"/home/runner/work/report-coverage-demo/report-coverage-demo/src/app/components/login-form/login-form.html": {"lines":{"total":10,"covered":10,"skipped":0,"pct":100},"functions":{"total":3,"covered":3,"skipped":0,"pct":100},"statements":{"total":22,"covered":22,"skipped":0,"pct":100},"branches":{"total":6,"covered":4,"skipped":0,"pct":66.66}}
,"/home/runner/work/report-coverage-demo/report-coverage-demo/src/app/components/login-form/login-form.ts": {"lines":{"total":15,"covered":13,"skipped":0,"pct":86.66},"functions":{"total":2,"covered":2,"skipped":0,"pct":100},"statements":{"total":19,"covered":17,"skipped":0,"pct":89.47},"branches":{"total":20,"covered":19,"skipped":0,"pct":95}}
,"/home/runner/work/report-coverage-demo/report-coverage-demo/src/app/services/basic/basic-service.ts": {"lines":{"total":1,"covered":1,"skipped":0,"pct":100},"functions":{"total":0,"covered":0,"skipped":0,"pct":100},"statements":{"total":4,"covered":4,"skipped":0,"pct":100},"branches":{"total":5,"covered":5,"skipped":0,"pct":100}}
,"/home/runner/work/report-coverage-demo/report-coverage-demo/src/app/services/geometry/geometry-service.ts": {"lines":{"total":6,"covered":3,"skipped":0,"pct":50},"functions":{"total":3,"covered":2,"skipped":0,"pct":66.66},"statements":{"total":11,"covered":6,"skipped":0,"pct":54.54},"branches":{"total":9,"covered":6,"skipped":0,"pct":66.66}}
,"/home/runner/work/report-coverage-demo/report-coverage-demo/src/app/services/weather-service/weather-service.ts": {"lines":{"total":6,"covered":6,"skipped":0,"pct":100},"functions":{"total":2,"covered":2,"skipped":0,"pct":100},"statements":{"total":9,"covered":9,"skipped":0,"pct":100},"branches":{"total":5,"covered":5,"skipped":0,"pct":100}}
}
